<!DOCTYPE HTML PUBLIC "-//W3C//DTD HTML 4.01//EN"
  "http://www.w3.org/TR/html4/strict.dtd">
<html>
<head>
<title>source file</title>
<style type="text/css"><!--
BODY   { background: white; }
.KEY   { color: blue; font-weight: bold; }
.STR   { color: green; }
.INT   { color: red; }
.FLOAT { color: purple; }
.COMM  { color: green; font-style: italic; }
.CHAR  { color: fuchsia; }
.BOOL  { color: teal; font-weight: bold; }
.OPER  { color: aqua; }
.ID    { color: maroon; }
// more can be added
--></style>
</head>
<body>
<pre>
<tt><span class="STR">&quot;CMSC 330&quot;</span>
<span class="STR">&quot;CMSC 330\n&quot;</span>
<span class="CHAR">'C'</span> <span class="CHAR">'M'</span> <span class="CHAR">'S'</span> <span class="CHAR">'C'</span> <span class="CHAR">'\n'</span>
</tt>
</pre>
</body>
</html>
