\BOOKMARK [1][-]{section*.2}{EDUCATIONAL BACKGROUND}{}% 1
\BOOKMARK [1][-]{section*.3}{EMPLOYMENT HISTORY}{}% 2
\BOOKMARK [1][-]{section*.4}{CURRENT FIELDS OF INTEREST}{}% 3
\BOOKMARK [1][-]{section.1}{TEACHING}{}% 4
\BOOKMARK [2][-]{subsection.1.1}{Courses Taught}{section.1}% 5
\BOOKMARK [2][-]{subsection.1.2}{Curriculum Development}{section.1}% 6
\BOOKMARK [3][-]{subsubsection.1.2.1}{Creation of New Content}{subsection.1.2}% 7
\BOOKMARK [3][-]{subsubsection.1.2.2}{Revision of Existing Content}{subsection.1.2}% 8
\BOOKMARK [2][-]{subsection.1.3}{Individual Student Guidance}{section.1}% 9
\BOOKMARK [3][-]{subsubsection.1.3.1}{Postdocs and Research Scientists Supervised}{subsection.1.3}% 10
\BOOKMARK [3][-]{subsubsection.1.3.2}{Ph.D. Students Supervised}{subsection.1.3}% 11
\BOOKMARK [3][-]{subsubsection.1.3.3}{Masters Students Supervised}{subsection.1.3}% 12
\BOOKMARK [3][-]{subsubsection.1.3.4}{Undergraduate Students Supervised}{subsection.1.3}% 13
\BOOKMARK [3][-]{subsubsection.1.3.5}{Special Projects}{subsection.1.3}% 14
\BOOKMARK [1][-]{section.2}{RESEARCH AND CREATIVE SCHOLARSHIP}{}% 15
\BOOKMARK [2][-]{subsection.2.1}{Theses}{section.2}% 16
\BOOKMARK [2][-]{subsection.2.2}{Journal Publications}{section.2}% 17
\BOOKMARK [2][-]{subsection.2.3}{Books and Book Chapters}{section.2}% 18
\BOOKMARK [2][-]{subsection.2.4}{Refereed Conference Publications}{section.2}% 19
\BOOKMARK [2][-]{subsection.2.5}{Workshop Publications}{section.2}% 20
\BOOKMARK [2][-]{subsection.2.6}{Other}{section.2}% 21
\BOOKMARK [3][-]{subsubsection.2.6.1}{Submitted Journal Papers}{subsection.2.6}% 22
\BOOKMARK [3][-]{subsubsection.2.6.2}{Submitted Conference and Workshop Papers}{subsection.2.6}% 23
\BOOKMARK [3][-]{subsubsection.2.6.3}{Other Technical Reports, Unrefereed Papers, and Drafts in Preparation}{subsection.2.6}% 24
\BOOKMARK [3][-]{subsubsection.2.6.4}{Software}{subsection.2.6}% 25
\BOOKMARK [3][-]{subsubsection.2.6.5}{Conference Posters and Demos}{subsection.2.6}% 26
\BOOKMARK [2][-]{subsection.2.7}{Research Proposals and Grants \(Principal Investigator\)}{section.2}% 27
\BOOKMARK [2][-]{subsection.2.8}{Research Proposals and Grants \(Contributor\)}{section.2}% 28
\BOOKMARK [2][-]{subsection.2.9}{Other}{section.2}% 29
\BOOKMARK [2][-]{subsection.2.10}{Research Honors and Awards}{section.2}% 30
\BOOKMARK [1][-]{section.3}{SERVICE}{}% 31
\BOOKMARK [2][-]{subsection.3.1}{Professional Activities}{section.3}% 32
\BOOKMARK [3][-]{subsubsection.3.1.1}{Memberships and Activities in Professional Societies}{subsection.3.1}% 33
\BOOKMARK [3][-]{subsubsection.3.1.2}{Conference Committee Activities}{subsection.3.1}% 34
\BOOKMARK [3][-]{subsubsection.3.1.3}{Workshops and External Courses}{subsection.3.1}% 35
\BOOKMARK [2][-]{subsection.3.2}{On-Campus Georgia Tech Committees}{section.3}% 36
\BOOKMARK [2][-]{subsection.3.3}{Member of Ph.D. Examining Committees}{section.3}% 37
\BOOKMARK [2][-]{subsection.3.4}{Consulting, Advisory, and Other External Appointments}{section.3}% 38
\BOOKMARK [2][-]{subsection.3.5}{Research Project Reviewer}{section.3}% 39
\BOOKMARK [1][-]{section.4}{NATIONAL AND INTERNATIONAL RECOGNITION}{}% 40
\BOOKMARK [2][-]{subsection.4.1}{Invited Conference Session Chair}{section.4}% 41
\BOOKMARK [2][-]{subsection.4.2}{Patents}{section.4}% 42
\BOOKMARK [2][-]{subsection.4.3}{Editorial and Reviewer Work for Technical Journals and Publishers}{section.4}% 43
\BOOKMARK [1][-]{section.5}{OTHER CONTRIBUTIONS}{}% 44
\BOOKMARK [2][-]{subsection.5.1}{Seminar Presentations}{section.5}% 45
\BOOKMARK [1][-]{section.6}{PERSONAL DATA}{}% 46
